<?xml version="1.0" encoding="UTF-8"?>
<!-- Generated by org.testng.reporters.JUnitReportReporter -->
<testsuite skipped="14" hostname="DESKTOP-VUS56U8" name="CardholderMavenProject.Cardholder" tests="16" failures="0" timestamp="12 Oct 2018 11:50:42 GMT" time="105.006" errors="0">
  <testcase name="Registration" time="0.010" classname="CardholderMavenProject.Cardholder">
    <skipped/>
  </testcase> <!-- Registration -->
  <testcase name="Login" time="20.297" classname="CardholderMavenProject.Cardholder"/>
  <testcase name="Account" time="0.002" classname="CardholderMavenProject.Cardholder">
    <skipped/>
  </testcase> <!-- Account -->
  <testcase name="OrderCard1" time="0.002" classname="CardholderMavenProject.Cardholder">
    <skipped/>
  </testcase> <!-- OrderCard1 -->
  <testcase name="LoadByBankTransfer" time="0.003" classname="CardholderMavenProject.Cardholder">
    <skipped/>
  </testcase> <!-- LoadByBankTransfer -->
  <testcase name="Profile" time="0.002" classname="CardholderMavenProject.Cardholder">
    <skipped/>
  </testcase> <!-- Profile -->
  <testcase name="Statement" time="0.001" classname="CardholderMavenProject.Cardholder">
    <skipped/>
  </testcase> <!-- Statement -->
  <testcase name="Suspend" time="0.002" classname="CardholderMavenProject.Cardholder">
    <skipped/>
  </testcase> <!-- Suspend -->
  <testcase name="Unload" time="0.001" classname="CardholderMavenProject.Cardholder">
    <skipped/>
  </testcase> <!-- Unload -->
  <testcase name="OrderCardNonEU" time="0.001" classname="CardholderMavenProject.Cardholder">
    <skipped/>
  </testcase> <!-- OrderCardNonEU -->
  <testcase name="LoadByCardEU" time="0.001" classname="CardholderMavenProject.Cardholder">
    <skipped/>
  </testcase> <!-- LoadByCardEU -->
  <testcase name="LoadByCardNonEU" time="0.001" classname="CardholderMavenProject.Cardholder">
    <skipped/>
  </testcase> <!-- LoadByCardNonEU -->
  <testcase name="OrderCardEU" time="84.680" classname="CardholderMavenProject.Cardholder"/>
  <testcase name="PIN" time="0.001" classname="CardholderMavenProject.Cardholder">
    <skipped/>
  </testcase> <!-- PIN -->
  <testcase name="ViewImage" time="0.001" classname="CardholderMavenProject.Cardholder">
    <skipped/>
  </testcase> <!-- ViewImage -->
  <testcase name="OrderCard" time="0.001" classname="CardholderMavenProject.Cardholder">
    <skipped/>
  </testcase> <!-- OrderCard -->
</testsuite> <!-- CardholderMavenProject.Cardholder -->
